{"C:\\Users\\Equipo\\Desktop\\ResourcesProjects\\ReactEX\\02-First-Steps\\src\\FirstStepApp.tsx": {"path":"C:\\Users\\Equipo\\Desktop\\ResourcesProjects\\ReactEX\\02-First-Steps\\src\\FirstStepApp.tsx","statementMap":{"0":{"start":{"line":8,"column":34},"end":{"line":12,"column":null}},"1":{"start":{"line":15,"column":2},"end":{"line":20,"column":null}},"2":{"start":{"line":18,"column":61},"end":{"line":20,"column":null}}},"fnMap":{"0":{"name":"FirstStepApp","decl":{"start":{"line":14,"column":16},"end":{"line":14,"column":null}},"loc":{"start":{"line":14,"column":16},"end":{"line":27,"column":null}},"line":14},"1":{"name":"(anonymous_1)","decl":{"start":{"line":18,"column":23},"end":{"line":18,"column":24}},"loc":{"start":{"line":18,"column":61},"end":{"line":20,"column":null}},"line":18}},"branchMap":{},"s":{"0":1,"1":3,"2":9},"f":{"0":3,"1":9},"b":{},"meta":{"lastBranch":0,"lastFunction":2,"lastStatement":3,"seen":{"s:8:34:12:Infinity":0,"f:14:16:14:Infinity":0,"s:15:2:20:Infinity":1,"f:18:23:18:24":1,"s:18:61:20:Infinity":2}}}
,"C:\\Users\\Equipo\\Desktop\\ResourcesProjects\\ReactEX\\02-First-Steps\\src\\MyAwesomeApp.tsx": {"path":"C:\\Users\\Equipo\\Desktop\\ResourcesProjects\\ReactEX\\02-First-Steps\\src\\MyAwesomeApp.tsx","statementMap":{"0":{"start":{"line":3,"column":13},"end":{"line":3,"column":null}},"1":{"start":{"line":4,"column":17},"end":{"line":4,"column":null}},"2":{"start":{"line":5,"column":22},"end":{"line":5,"column":null}},"3":{"start":{"line":6,"column":17},"end":{"line":6,"column":null}},"4":{"start":{"line":7,"column":16},"end":{"line":11,"column":null}},"5":{"start":{"line":13,"column":31},"end":{"line":17,"column":null}},"6":{"start":{"line":20,"column":2},"end":{"line":26,"column":null}}},"fnMap":{"0":{"name":"MyAwesomeApp","decl":{"start":{"line":19,"column":16},"end":{"line":19,"column":null}},"loc":{"start":{"line":19,"column":16},"end":{"line":29,"column":null}},"line":19}},"branchMap":{"0":{"loc":{"start":{"line":25,"column":10},"end":{"line":25,"column":null}},"type":"cond-expr","locations":[{"start":{"line":25,"column":21},"end":{"line":25,"column":32}},{"start":{"line":25,"column":32},"end":{"line":25,"column":null}}],"line":25}},"s":{"0":1,"1":1,"2":1,"3":1,"4":1,"5":1,"6":3},"f":{"0":3},"b":{"0":[3,0]},"meta":{"lastBranch":1,"lastFunction":1,"lastStatement":7,"seen":{"s:3:13:3:Infinity":0,"s:4:17:4:Infinity":1,"s:5:22:5:Infinity":2,"s:6:17:6:Infinity":3,"s:7:16:11:Infinity":4,"s:13:31:17:Infinity":5,"f:19:16:19:Infinity":0,"s:20:2:26:Infinity":6,"b:25:21:25:32:25:32:25:Infinity":0}}}
,"C:\\Users\\Equipo\\Desktop\\ResourcesProjects\\ReactEX\\02-First-Steps\\src\\helpers\\math.helper.ts": {"path":"C:\\Users\\Equipo\\Desktop\\ResourcesProjects\\ReactEX\\02-First-Steps\\src\\helpers\\math.helper.ts","statementMap":{"0":{"start":{"line":1,"column":19},"end":{"line":3,"column":null}},"1":{"start":{"line":2,"column":2},"end":{"line":2,"column":null}},"2":{"start":{"line":5,"column":25},"end":{"line":7,"column":null}},"3":{"start":{"line":6,"column":2},"end":{"line":6,"column":null}},"4":{"start":{"line":9,"column":24},"end":{"line":11,"column":null}},"5":{"start":{"line":10,"column":2},"end":{"line":10,"column":null}},"6":{"start":{"line":13,"column":22},"end":{"line":15,"column":null}},"7":{"start":{"line":14,"column":2},"end":{"line":14,"column":null}}},"fnMap":{"0":{"name":"(anonymous_0)","decl":{"start":{"line":1,"column":19},"end":{"line":1,"column":20}},"loc":{"start":{"line":1,"column":31},"end":{"line":3,"column":null}},"line":1},"1":{"name":"(anonymous_1)","decl":{"start":{"line":5,"column":25},"end":{"line":5,"column":26}},"loc":{"start":{"line":5,"column":37},"end":{"line":7,"column":null}},"line":5},"2":{"name":"(anonymous_2)","decl":{"start":{"line":9,"column":24},"end":{"line":9,"column":25}},"loc":{"start":{"line":9,"column":36},"end":{"line":11,"column":null}},"line":9},"3":{"name":"(anonymous_3)","decl":{"start":{"line":13,"column":22},"end":{"line":13,"column":23}},"loc":{"start":{"line":13,"column":34},"end":{"line":15,"column":null}},"line":13}},"branchMap":{},"s":{"0":1,"1":2,"2":1,"3":2,"4":1,"5":1,"6":1,"7":0},"f":{"0":2,"1":2,"2":1,"3":0},"b":{},"meta":{"lastBranch":0,"lastFunction":4,"lastStatement":8,"seen":{"s:1:19:3:Infinity":0,"f:1:19:1:20":0,"s:2:2:2:Infinity":1,"s:5:25:7:Infinity":2,"f:5:25:5:26":1,"s:6:2:6:Infinity":3,"s:9:24:11:Infinity":4,"f:9:24:9:25":2,"s:10:2:10:Infinity":5,"s:13:22:15:Infinity":6,"f:13:22:13:23":3,"s:14:2:14:Infinity":7}}}
,"C:\\Users\\Equipo\\Desktop\\ResourcesProjects\\ReactEX\\02-First-Steps\\src\\shopping-cart\\ItemCounter.css": {"path":"C:\\Users\\Equipo\\Desktop\\ResourcesProjects\\ReactEX\\02-First-Steps\\src\\shopping-cart\\ItemCounter.css","statementMap":{},"fnMap":{},"branchMap":{},"s":{},"f":{},"b":{},"meta":{"lastBranch":0,"lastFunction":0,"lastStatement":0,"seen":{}}}
,"C:\\Users\\Equipo\\Desktop\\ResourcesProjects\\ReactEX\\02-First-Steps\\src\\shopping-cart\\ItemCounter.tsx": {"path":"C:\\Users\\Equipo\\Desktop\\ResourcesProjects\\ReactEX\\02-First-Steps\\src\\shopping-cart\\ItemCounter.tsx","statementMap":{"0":{"start":{"line":9,"column":27},"end":{"line":49,"column":null}},"1":{"start":{"line":10,"column":25},"end":{"line":10,"column":null}},"2":{"start":{"line":12,"column":20},"end":{"line":14,"column":null}},"3":{"start":{"line":13,"column":4},"end":{"line":13,"column":null}},"4":{"start":{"line":16,"column":23},"end":{"line":19,"column":null}},"5":{"start":{"line":17,"column":4},"end":{"line":17,"column":null}},"6":{"start":{"line":17,"column":21},"end":{"line":17,"column":null}},"7":{"start":{"line":18,"column":4},"end":{"line":18,"column":null}},"8":{"start":{"line":21,"column":2},"end":{"line":44,"column":null}},"9":{"start":{"line":34,"column":10},"end":{"line":34,"column":null}},"10":{"start":{"line":42,"column":10},"end":{"line":42,"column":null}}},"fnMap":{"0":{"name":"(anonymous_0)","decl":{"start":{"line":9,"column":27},"end":{"line":9,"column":28}},"loc":{"start":{"line":9,"column":65},"end":{"line":49,"column":null}},"line":9},"1":{"name":"(anonymous_1)","decl":{"start":{"line":12,"column":20},"end":{"line":12,"column":null}},"loc":{"start":{"line":12,"column":20},"end":{"line":14,"column":null}},"line":12},"2":{"name":"(anonymous_2)","decl":{"start":{"line":16,"column":23},"end":{"line":16,"column":null}},"loc":{"start":{"line":16,"column":23},"end":{"line":19,"column":null}},"line":16},"3":{"name":"(anonymous_3)","decl":{"start":{"line":33,"column":17},"end":{"line":33,"column":null}},"loc":{"start":{"line":33,"column":17},"end":{"line":35,"column":null}},"line":33},"4":{"name":"(anonymous_4)","decl":{"start":{"line":41,"column":17},"end":{"line":41,"column":null}},"loc":{"start":{"line":41,"column":17},"end":{"line":43,"column":null}},"line":41}},"branchMap":{"0":{"loc":{"start":{"line":9,"column":40},"end":{"line":9,"column":56}},"type":"default-arg","locations":[{"start":{"line":9,"column":55},"end":{"line":9,"column":56}}],"line":9},"1":{"loc":{"start":{"line":17,"column":4},"end":{"line":17,"column":null}},"type":"if","locations":[{"start":{"line":17,"column":4},"end":{"line":17,"column":null}},{"start":{},"end":{}}],"line":17},"2":{"loc":{"start":{"line":28,"column":24},"end":{"line":28,"column":52}},"type":"cond-expr","locations":[{"start":{"line":28,"column":36},"end":{"line":28,"column":46}},{"start":{"line":28,"column":46},"end":{"line":28,"column":52}}],"line":28}},"s":{"0":1,"1":9,"2":9,"3":1,"4":9,"5":2,"6":1,"7":1,"8":9,"9":1,"10":2},"f":{"0":9,"1":1,"2":2,"3":1,"4":2},"b":{"0":[9],"1":[1,1],"2":[5,4]},"meta":{"lastBranch":3,"lastFunction":5,"lastStatement":11,"seen":{"s:9:27:49:Infinity":0,"f:9:27:9:28":0,"b:9:55:9:56":0,"s:10:25:10:Infinity":1,"s:12:20:14:Infinity":2,"f:12:20:12:Infinity":1,"s:13:4:13:Infinity":3,"s:16:23:19:Infinity":4,"f:16:23:16:Infinity":2,"b:17:4:17:Infinity:undefined:undefined:undefined:undefined":1,"s:17:4:17:Infinity":5,"s:17:21:17:Infinity":6,"s:18:4:18:Infinity":7,"s:21:2:44:Infinity":8,"b:28:36:28:46:28:46:28:52":2,"f:33:17:33:Infinity":3,"s:34:10:34:Infinity":9,"f:41:17:41:Infinity":4,"s:42:10:42:Infinity":10}}}
}
